# JRE version: OpenJDK Runtime Environment (8.0_242-b01) (build 1.8.0_242-release-1644-b01)
# Java VM: OpenJDK 64-Bit Server VM (25.242-b01 mixed mode windows-amd64 compressed oops)
Heap:
 PSYoungGen      total 94208K, used 87988K [0x00000000e0000000, 0x00000000e6900000, 0x0000000100000000)
  eden space 80896K, 100% used [0x00000000e0000000,0x00000000e4f00000,0x00000000e4f00000)
  from space 13312K, 53% used [0x00000000e4f00000,0x00000000e55ed128,0x00000000e5c00000)
  to   space 13312K, 45% used [0x00000000e5c00000,0x00000000e61ea060,0x00000000e6900000)
 ParOldGen       total 216064K, used 24K [0x00000000a0000000, 0x00000000ad300000, 0x00000000e0000000)
  object space 216064K, 0% used [0x00000000a0000000,0x00000000a0006000,0x00000000ad300000)
 Metaspace       used 16750K, capacity 17408K, committed 17664K, reserved 1064960K
  class space    used 2353K, capacity 2550K, committed 2560K, reserved 1048576K
GC Heap History (3 events):
Event: 1.168 GC heap before
{Heap before GC invocations=1 (full 0):
 PSYoungGen      total 94208K, used 80896K [0x00000000e0000000, 0x00000000e6900000, 0x0000000100000000)
  eden space 80896K, 100% used [0x00000000e0000000,0x00000000e4f00000,0x00000000e4f00000)
  from space 13312K, 0% used [0x00000000e5c00000,0x00000000e5c00000,0x00000000e6900000)
  to   space 13312K, 0% used [0x00000000e4f00000,0x00000000e4f00000,0x00000000e5c00000)
 ParOldGen       total 216064K, used 0K [0x00000000a0000000, 0x00000000ad300000, 0x00000000e0000000)
  object space 216064K, 0% used [0x00000000a0000000,0x00000000a0000000,0x00000000ad300000)
 Metaspace       used 8122K, capacity 8480K, committed 8576K, reserved 1056768K
  class space    used 1032K, capacity 1143K, committed 1152K, reserved 1048576K
Event: 1.174 GC heap after
Heap after GC invocations=1 (full 0):
 PSYoungGen      total 94208K, used 7092K [0x00000000e0000000, 0x00000000e6900000, 0x0000000100000000)
  eden space 80896K, 0% used [0x00000000e0000000,0x00000000e0000000,0x00000000e4f00000)
  from space 13312K, 53% used [0x00000000e4f00000,0x00000000e55ed128,0x00000000e5c00000)
  to   space 13312K, 0% used [0x00000000e5c00000,0x00000000e5c00000,0x00000000e6900000)
 ParOldGen       total 216064K, used 16K [0x00000000a0000000, 0x00000000ad300000, 0x00000000e0000000)
  object space 216064K, 0% used [0x00000000a0000000,0x00000000a0004000,0x00000000ad300000)
 Metaspace       used 8122K, capacity 8480K, committed 8576K, reserved 1056768K
  class space    used 1032K, capacity 1143K, committed 1152K, reserved 1048576K
}
Event: 2.218 GC heap before
{Heap before GC invocations=2 (full 0):
 PSYoungGen      total 94208K, used 87988K [0x00000000e0000000, 0x00000000e6900000, 0x0000000100000000)
  eden space 80896K, 100% used [0x00000000e0000000,0x00000000e4f00000,0x00000000e4f00000)
  from space 13312K, 53% used [0x00000000e4f00000,0x00000000e55ed128,0x00000000e5c00000)
  to   space 13312K, 0% used [0x00000000e5c00000,0x00000000e5c00000,0x00000000e6900000)
 ParOldGen       total 216064K, used 16K [0x00000000a0000000, 0x00000000ad300000, 0x00000000e0000000)
  object space 216064K, 0% used [0x00000000a0000000,0x00000000a0004000,0x00000000ad300000)
 Metaspace       used 16750K, capacity 17408K, committed 17664K, reserved 1064960K
  class space    used 2353K, capacity 2550K, committed 2560K, reserved 1048576K

